2018-03-31T18:08:40.887Z - [32minfo[39m: [SERVER] Wiki.js is initializing...
2018-03-31T18:08:41.187Z - [32minfo[39m: [SERVER] Checking data directories...
2018-03-31T18:08:41.203Z - [32minfo[39m: [SERVER] Data and Repository directories are OK.
2018-03-31T18:08:41.866Z - [32minfo[39m: [SERVER] Checking Git repository...
2018-03-31T18:08:44.682Z - [32minfo[39m: [SERVER] Starting HTTP/WS server on port 3000...
2018-03-31T18:08:44.732Z - [32minfo[39m: [SERVER] HTTP/WS server started successfully! [RUNNING]
2018-03-31T18:08:44.889Z - [32minfo[39m: [SERVER] Search index flushed and ready.
2018-03-31T18:08:44.939Z - [32minfo[39m: [SERVER] Remote Git syncing is disabled. Not recommended!
2018-03-31T18:08:44.950Z - [32minfo[39m: [SERVER] Git repository is OK.
2018-03-31T18:08:45.299Z - [32minfo[39m: [AGENT] Background Agent is initializing...
2018-03-31T18:08:46.805Z - [32minfo[39m: [AGENT] Checking Git repository...
2018-03-31T18:08:48.631Z - [32minfo[39m: [AGENT] Remote Git syncing is disabled. Not recommended!
2018-03-31T18:08:48.641Z - [32minfo[39m: [AGENT] Git repository is OK.
2018-03-31T18:08:48.664Z - [32minfo[39m: [AGENT] Running all jobs...
2018-03-31T18:08:48.970Z - [32minfo[39m: [AGENT] All jobs completed successfully! Going to sleep for now.
2018-03-31T18:10:00.123Z - [32minfo[39m: [AGENT] Running all jobs...
2018-03-31T18:10:00.215Z - [32minfo[39m: [AGENT] All jobs completed successfully! Going to sleep for now.
2018-03-31T18:12:27.215Z - [32minfo[39m: [SERVER] - SHUTTING DOWN - Terminating Background Agent...
2018-03-31T18:12:27.216Z - [32minfo[39m: [SERVER] - SHUTTING DOWN - Performing git sync...
2018-03-31T18:12:27.217Z - [32minfo[39m: [SERVER] - SHUTTING DOWN - Git sync successful. Now safe to exit.
